kotlin version: 2.2.10
error message: org.jetbrains.kotlin.util.FileAnalysisException: While analysing D:/Users/Admin/Desktop/Active_Projects/OmanPrayerTimes/app/src/main/java/com/codealyst/omanprayertimes/ui/screens/prayer_times/DateSelector.kt:62:27: java.lang.IllegalStateException: Expected some types
	at org.jetbrains.kotlin.util.AnalysisExceptionsKt.wrapIntoFileAnalysisExceptionIfNeeded(AnalysisExceptions.kt:57)
	at org.jetbrains.kotlin.fir.FirCliExceptionHandler.handleExceptionOnFileAnalysis(Utils.kt:257)
	at org.jetbrains.kotlin.fir.resolve.transformers.body.resolve.FirDeclarationsResolveTransformer.transformFile(FirDeclarationsResolveTransformer.kt:1870)
	at org.jetbrains.kotlin.fir.resolve.transformers.body.resolve.FirAbstractBodyResolveTransformerDispatcher.transformFile(FirAbstractBodyResolveTransformerDispatcher.kt:60)
	at org.jetbrains.kotlin.fir.resolve.transformers.body.resolve.FirAbstractBodyResolveTransformerDispatcher.transformFile(FirAbstractBodyResolveTransformerDispatcher.kt:27)
	at org.jetbrains.kotlin.fir.declarations.FirFile.transform(FirFile.kt:47)
	at org.jetbrains.kotlin.fir.resolve.transformers.body.resolve.FirBodyResolveTransformerAdapter.transformFile(FirBodyResolveTransformerAdapters.kt:41)
	at org.jetbrains.kotlin.fir.declarations.FirFile.transform(FirFile.kt:47)
	at org.jetbrains.kotlin.fir.resolve.transformers.FirTransformerBasedResolveProcessor.processFile(FirResolveProcessor.kt:48)
	at org.jetbrains.kotlin.fir.resolve.transformers.FirTotalResolveProcessor.process(FirTotalResolveProcessor.kt:36)
	at org.jetbrains.kotlin.fir.pipeline.AnalyseKt.runResolution(analyse.kt:24)
	at org.jetbrains.kotlin.fir.pipeline.FirUtilsKt.resolveAndCheckFir(firUtils.kt:76)
	at org.jetbrains.kotlin.cli.pipeline.jvm.JvmFrontendPipelinePhase.executePhase(JvmFrontendPipelinePhase.kt:174)
	at org.jetbrains.kotlin.cli.pipeline.jvm.JvmFrontendPipelinePhase.executePhase(JvmFrontendPipelinePhase.kt:56)
	at org.jetbrains.kotlin.cli.pipeline.PipelinePhase.phaseBody(PipelinePhase.kt:68)
	at org.jetbrains.kotlin.cli.pipeline.PipelinePhase.phaseBody(PipelinePhase.kt:58)
	at org.jetbrains.kotlin.config.phaser.NamedCompilerPhase.invoke(CompilerPhase.kt:102)
	at org.jetbrains.kotlin.backend.common.phaser.CompositePhase.invoke(PhaseBuilders.kt:22)
	at org.jetbrains.kotlin.config.phaser.CompilerPhaseKt.invokeToplevel(CompilerPhase.kt:53)
	at org.jetbrains.kotlin.cli.pipeline.AbstractCliPipeline.runPhasedPipeline(AbstractCliPipeline.kt:109)
	at org.jetbrains.kotlin.cli.pipeline.AbstractCliPipeline.execute(AbstractCliPipeline.kt:68)
	at org.jetbrains.kotlin.cli.jvm.K2JVMCompiler.doExecutePhased(K2JVMCompiler.kt:78)
	at org.jetbrains.kotlin.cli.jvm.K2JVMCompiler.doExecutePhased(K2JVMCompiler.kt:44)
	at org.jetbrains.kotlin.cli.common.CLICompiler.execImpl(CLICompiler.kt:90)
	at org.jetbrains.kotlin.cli.common.CLICompiler.exec(CLICompiler.kt:352)
	at org.jetbrains.kotlin.incremental.IncrementalJvmCompilerRunnerBase.runCompiler(IncrementalJvmCompilerRunnerBase.kt:175)
	at org.jetbrains.kotlin.incremental.IncrementalJvmCompilerRunnerBase.runCompiler(IncrementalJvmCompilerRunnerBase.kt:38)
	at org.jetbrains.kotlin.incremental.IncrementalCompilerRunner.doCompile(IncrementalCompilerRunner.kt:504)
	at org.jetbrains.kotlin.incremental.IncrementalCompilerRunner.compileImpl(IncrementalCompilerRunner.kt:421)
	at org.jetbrains.kotlin.incremental.IncrementalCompilerRunner.tryCompileIncrementally$lambda$10$compile(IncrementalCompilerRunner.kt:254)
	at org.jetbrains.kotlin.incremental.IncrementalCompilerRunner.tryCompileIncrementally(IncrementalCompilerRunner.kt:272)
	at org.jetbrains.kotlin.incremental.IncrementalCompilerRunner.compile(IncrementalCompilerRunner.kt:124)
	at org.jetbrains.kotlin.daemon.CompileServiceImplBase.execIncrementalCompiler(CompileServiceImpl.kt:679)
	at org.jetbrains.kotlin.daemon.CompileServiceImplBase.access$execIncrementalCompiler(CompileServiceImpl.kt:93)
	at org.jetbrains.kotlin.daemon.CompileServiceImpl.compile(CompileServiceImpl.kt:1806)
	at java.base/jdk.internal.reflect.DirectMethodHandleAccessor.invoke(Unknown Source)
	at java.base/java.lang.reflect.Method.invoke(Unknown Source)
	at java.rmi/sun.rmi.server.UnicastServerRef.dispatch(Unknown Source)
	at java.rmi/sun.rmi.transport.Transport$1.run(Unknown Source)
	at java.rmi/sun.rmi.transport.Transport$1.run(Unknown Source)
	at java.base/java.security.AccessController.doPrivileged(Unknown Source)
	at java.rmi/sun.rmi.transport.Transport.serviceCall(Unknown Source)
	at java.rmi/sun.rmi.transport.tcp.TCPTransport.handleMessages(Unknown Source)
	at java.rmi/sun.rmi.transport.tcp.TCPTransport$ConnectionHandler.run0(Unknown Source)
	at java.rmi/sun.rmi.transport.tcp.TCPTransport$ConnectionHandler.lambda$run$0(Unknown Source)
	at java.base/java.security.AccessController.doPrivileged(Unknown Source)
	at java.rmi/sun.rmi.transport.tcp.TCPTransport$ConnectionHandler.run(Unknown Source)
	at java.base/java.util.concurrent.ThreadPoolExecutor.runWorker(Unknown Source)
	at java.base/java.util.concurrent.ThreadPoolExecutor$Worker.run(Unknown Source)
	at java.base/java.lang.Thread.run(Unknown Source)
Caused by: java.lang.IllegalStateException: Expected some types
	at org.jetbrains.kotlin.fir.types.ConeTypeIntersector.intersectTypes(ConeTypeIntersector.kt:16)
	at org.jetbrains.kotlin.fir.types.ConeTypeContext.intersectTypes(ConeTypeContext.kt:439)
	at org.jetbrains.kotlin.resolve.calls.NewCommonSuperTypeCalculator.findSuperTypeConstructorsAndIntersectResult(NewCommonSuperTypeCalculator.kt:272)
	at org.jetbrains.kotlin.resolve.calls.NewCommonSuperTypeCalculator.commonSuperTypeForNotNullTypes(NewCommonSuperTypeCalculator.kt:238)
	at org.jetbrains.kotlin.resolve.calls.NewCommonSuperTypeCalculator.commonSuperTypeForSimpleTypes(NewCommonSuperTypeCalculator.kt:103)
	at org.jetbrains.kotlin.resolve.calls.NewCommonSuperTypeCalculator.commonSuperType(NewCommonSuperTypeCalculator.kt:62)
	at org.jetbrains.kotlin.resolve.calls.NewCommonSuperTypeCalculator.commonSuperType$default(NewCommonSuperTypeCalculator.kt:30)
	at org.jetbrains.kotlin.resolve.calls.NewCommonSuperTypeCalculator.calculateArgument(NewCommonSuperTypeCalculator.kt:519)
	at org.jetbrains.kotlin.resolve.calls.NewCommonSuperTypeCalculator.superTypeWithGivenConstructor(NewCommonSuperTypeCalculator.kt:374)
	at org.jetbrains.kotlin.resolve.calls.NewCommonSuperTypeCalculator.findSuperTypeConstructorsAndIntersectResult(NewCommonSuperTypeCalculator.kt:274)
	at org.jetbrains.kotlin.resolve.calls.NewCommonSuperTypeCalculator.commonSuperTypeForNotNullTypes(NewCommonSuperTypeCalculator.kt:238)
	at org.jetbrains.kotlin.resolve.calls.NewCommonSuperTypeCalculator.commonSuperTypeForSimpleTypes(NewCommonSuperTypeCalculator.kt:103)
	at org.jetbrains.kotlin.resolve.calls.NewCommonSuperTypeCalculator.commonSuperType(NewCommonSuperTypeCalculator.kt:62)
	at org.jetbrains.kotlin.resolve.calls.NewCommonSuperTypeCalculator.commonSuperType(NewCommonSuperTypeCalculator.kt:27)
	at org.jetbrains.kotlin.fir.types.TypeUtilsKt.commonSuperTypeOrNull(TypeUtils.kt:55)
	at org.jetbrains.kotlin.fir.resolve.transformers.FirCallCompletionResultsWriterTransformer.transformArrayLiteral(FirCallCompletionResultsWriterTransformer.kt:1276)
	at org.jetbrains.kotlin.fir.resolve.transformers.FirCallCompletionResultsWriterTransformer.transformArrayLiteral(FirCallCompletionResultsWriterTransformer.kt:73)
	at org.jetbrains.kotlin.fir.expressions.FirArrayLiteral.transform(FirArrayLiteral.kt:32)
	at org.jetbrains.kotlin.fir.visitors.FirTransformerUtilKt.transformSingle(FirTransformerUtil.kt:13)
	at org.jetbrains.kotlin.fir.resolve.transformers.FirCallCompletionResultsWriterTransformer$transformArgumentList$ArgumentTransformer.transformElement(FirCallCompletionResultsWriterTransformer.kt:505)
	at org.jetbrains.kotlin.fir.resolve.transformers.FirCallCompletionResultsWriterTransformer$transformArgumentList$ArgumentTransformer.transformElement(FirCallCompletionResultsWriterTransformer.kt:494)
	at org.jetbrains.kotlin.fir.visitors.FirTransformer.transformArrayLiteral(FirTransformer.kt:367)
	at org.jetbrains.kotlin.fir.expressions.FirArrayLiteral.transform(FirArrayLiteral.kt:32)
	at org.jetbrains.kotlin.fir.visitors.FirTransformerUtilKt.transformInplace(FirTransformerUtil.kt:20)
	at org.jetbrains.kotlin.fir.expressions.impl.FirVarargArgumentsExpressionImpl.transformChildren(FirVarargArgumentsExpressionImpl.kt:42)
	at org.jetbrains.kotlin.fir.expressions.impl.FirVarargArgumentsExpressionImpl.transformChildren(FirVarargArgumentsExpressionImpl.kt:25)
	at org.jetbrains.kotlin.fir.resolve.transformers.FirCallCompletionResultsWriterTransformer$transformArgumentList$ArgumentTransformer.transformElement(FirCallCompletionResultsWriterTransformer.kt:500)
	at org.jetbrains.kotlin.fir.resolve.transformers.FirCallCompletionResultsWriterTransformer$transformArgumentList$ArgumentTransformer.transformElement(FirCallCompletionResultsWriterTransformer.kt:494)
	at org.jetbrains.kotlin.fir.visitors.FirTransformer.transformVarargArgumentsExpression(FirTransformer.kt:879)
	at org.jetbrains.kotlin.fir.expressions.FirVarargArgumentsExpression.transform(FirVarargArgumentsExpression.kt:46)
	at org.jetbrains.kotlin.fir.visitors.FirTransformerUtilKt.transformSingle(FirTransformerUtil.kt:13)
	at org.jetbrains.kotlin.fir.expressions.impl.FirResolvedArgumentListImpl.transformArguments(FirResolvedArgumentList.kt:56)
	at org.jetbrains.kotlin.fir.resolve.transformers.FirCallCompletionResultsWriterTransformer.transformArgumentList(FirCallCompletionResultsWriterTransformer.kt:544)
	at org.jetbrains.kotlin.fir.resolve.transformers.FirCallCompletionResultsWriterTransformer.transformFunctionCall(FirCallCompletionResultsWriterTransformer.kt:400)
	at org.jetbrains.kotlin.fir.resolve.transformers.FirCallCompletionResultsWriterTransformer.transformFunctionCall(FirCallCompletionResultsWriterTransformer.kt:73)
	at org.jetbrains.kotlin.fir.expressions.FirFunctionCall.transform(FirFunctionCall.kt:45)
	at org.jetbrains.kotlin.fir.visitors.FirTransformerUtilKt.transformSingle(FirTransformerUtil.kt:13)
	at org.jetbrains.kotlin.fir.resolve.inference.FirCallCompleter.completeCall(FirCallCompleter.kt:121)
	at org.jetbrains.kotlin.fir.resolve.inference.FirCallCompleter.completeCall$default(FirCallCompleter.kt:66)
	at org.jetbrains.kotlin.fir.resolve.transformers.body.resolve.FirExpressionsResolveTransformer.transformArrayLiteral(FirExpressionsResolveTransformer.kt:1999)
	at org.jetbrains.kotlin.fir.resolve.transformers.body.resolve.FirAbstractBodyResolveTransformerDispatcher.transformArrayLiteral(FirAbstractBodyResolveTransformerDispatcher.kt:428)
	at org.jetbrains.kotlin.fir.resolve.transformers.body.resolve.FirAbstractBodyResolveTransformerDispatcher.transformArrayLiteral(FirAbstractBodyResolveTransformerDispatcher.kt:27)
	at org.jetbrains.kotlin.fir.expressions.FirArrayLiteral.transform(FirArrayLiteral.kt:32)
	at org.jetbrains.kotlin.fir.expressions.impl.FirNamedArgumentExpressionImpl.transformChildren(FirNamedArgumentExpressionImpl.kt:44)
	at org.jetbrains.kotlin.fir.expressions.impl.FirNamedArgumentExpressionImpl.transformChildren(FirNamedArgumentExpressionImpl.kt:26)
	at org.jetbrains.kotlin.fir.resolve.transformers.body.resolve.FirAbstractBodyResolveTransformerDispatcher.transformElement(FirAbstractBodyResolveTransformerDispatcher.kt:92)
	at org.jetbrains.kotlin.fir.resolve.transformers.body.resolve.FirAbstractBodyResolveTransformerDispatcher.transformWrappedArgumentExpression(FirAbstractBodyResolveTransformerDispatcher.kt:148)
	at org.jetbrains.kotlin.fir.resolve.transformers.body.resolve.FirAbstractBodyResolveTransformerDispatcher.transformWrappedArgumentExpression(FirAbstractBodyResolveTransformerDispatcher.kt:27)
	at org.jetbrains.kotlin.fir.visitors.FirDefaultTransformer.transformNamedArgumentExpression(FirDefaultTransformer.kt:78)
	at org.jetbrains.kotlin.fir.expressions.FirNamedArgumentExpression.transform(FirNamedArgumentExpression.kt:49)
	at org.jetbrains.kotlin.fir.visitors.FirTransformerUtilKt.transformInplace(FirTransformerUtil.kt:20)
	at org.jetbrains.kotlin.fir.expressions.impl.FirArgumentListImpl.transformArguments(FirArgumentListImpl.kt:31)
	at org.jetbrains.kotlin.fir.expressions.impl.FirArgumentListImpl.transformChildren(FirArgumentListImpl.kt:26)
	at org.jetbrains.kotlin.fir.expressions.impl.FirArgumentListImpl.transformChildren(FirArgumentListImpl.kt:17)
	at org.jetbrains.kotlin.fir.resolve.transformers.body.resolve.FirAbstractBodyResolveTransformerDispatcher.transformElement(FirAbstractBodyResolveTransformerDispatcher.kt:92)
	at org.jetbrains.kotlin.fir.resolve.transformers.body.resolve.FirAbstractBodyResolveTransformerDispatcher.transformElement(FirAbstractBodyResolveTransformerDispatcher.kt:27)
	at org.jetbrains.kotlin.fir.visitors.FirTransformer.transformArgumentList(FirTransformer.kt:167)
	at org.jetbrains.kotlin.fir.expressions.FirArgumentList.transform(FirArgumentList.kt:29)
	at org.jetbrains.kotlin.fir.resolve.transformers.body.resolve.FirPartialBodyResolveTransformer.transformElement(FirPartialBodyResolveTransformer.kt:36)
	at org.jetbrains.kotlin.fir.resolve.transformers.body.resolve.FirPartialBodyResolveTransformer.transformElement(FirPartialBodyResolveTransformer.kt:13)
	at org.jetbrains.kotlin.fir.visitors.FirTransformer.transformArgumentList(FirTransformer.kt:167)
	at org.jetbrains.kotlin.fir.expressions.FirArgumentList.transform(FirArgumentList.kt:29)
	at org.jetbrains.kotlin.fir.resolve.transformers.body.resolve.FirExpressionsResolveTransformer.transformFunctionCallInternal$resolve(FirExpressionsResolveTransformer.kt:566)
	at org.jetbrains.kotlin.fir.resolve.transformers.body.resolve.FirExpressionsResolveTransformer.transformFunctionCall(FirExpressionsResolveTransformer.kt:503)
	at org.jetbrains.kotlin.fir.resolve.transformers.body.resolve.FirAbstractBodyResolveTransformerDispatcher.transformFunctionCall(FirAbstractBodyResolveTransformerDispatcher.kt:195)
	at org.jetbrains.kotlin.fir.resolve.transformers.body.resolve.FirAbstractBodyResolveTransformerDispatcher.transformFunctionCall(FirAbstractBodyResolveTransformerDispatcher.kt:27)
	at org.jetbrains.kotlin.fir.expressions.FirFunctionCall.transform(FirFunctionCall.kt:45)
	at org.jetbrains.kotlin.fir.expressions.FirExpressionUtilKt.transformStatementsIndexed(FirExpressionUtil.kt:209)
	at org.jetbrains.kotlin.fir.resolve.transformers.body.resolve.FirExpressionsResolveTransformer.transformBlockInCurrentScope$resolve(FirExpressionsResolveTransformer.kt:735)
	at org.jetbrains.kotlin.fir.resolve.transformers.body.resolve.FirExpressionsResolveTransformer.transformBlock(FirExpressionsResolveTransformer.kt:726)
	at org.jetbrains.kotlin.fir.resolve.transformers.body.resolve.FirAbstractBodyResolveTransformerDispatcher.transformBlock(FirAbstractBodyResolveTransformerDispatcher.kt:222)
	at org.jetbrains.kotlin.fir.resolve.transformers.body.resolve.FirAbstractBodyResolveTransformerDispatcher.transformBlock(FirAbstractBodyResolveTransformerDispatcher.kt:27)
	at org.jetbrains.kotlin.fir.expressions.FirBlock.transform(FirBlock.kt:33)
	at org.jetbrains.kotlin.fir.resolve.transformers.body.resolve.FirPartialBodyResolveTransformer.transformElement(FirPartialBodyResolveTransformer.kt:36)
	at org.jetbrains.kotlin.fir.resolve.transformers.body.resolve.FirPartialBodyResolveTransformer.transformElement(FirPartialBodyResolveTransformer.kt:13)
	at org.jetbrains.kotlin.fir.visitors.FirTransformer.transformBlock(FirTransformer.kt:183)
	at org.jetbrains.kotlin.fir.expressions.FirBlock.transform(FirBlock.kt:33)
	at org.jetbrains.kotlin.fir.declarations.impl.FirAnonymousFunctionImpl.transformBody(FirAnonymousFunctionImpl.kt:130)
	at org.jetbrains.kotlin.fir.declarations.impl.FirAnonymousFunctionImpl.transformBody(FirAnonymousFunctionImpl.kt:33)
	at org.jetbrains.kotlin.fir.resolve.transformers.body.resolve.FirDeclarationsResolveTransformer.transformFunction(FirDeclarationsResolveTransformer.kt:1050)
	at org.jetbrains.kotlin.fir.resolve.transformers.body.resolve.FirDeclarationsResolveTransformer.access$transformFunction(FirDeclarationsResolveTransformer.kt:64)
	at org.jetbrains.kotlin.fir.resolve.transformers.body.resolve.FirDeclarationsResolveTransformer.transformAnonymousFunctionBody$lambda$104(FirDeclarationsResolveTransformer.kt:1466)
	at org.jetbrains.kotlin.fir.resolve.transformers.body.resolve.BodyResolveContext.withAnonymousFunction(BodyResolveContext.kt:829)
	at org.jetbrains.kotlin.fir.resolve.transformers.body.resolve.FirDeclarationsResolveTransformer.transformAnonymousFunctionBody(FirDeclarationsResolveTransformer.kt:1457)
	at org.jetbrains.kotlin.fir.resolve.transformers.body.resolve.FirDeclarationsResolveTransformer.doTransformAnonymousFunctionBodyFromCallCompletion$resolve(FirDeclarationsResolveTransformer.kt:1447)
	at org.jetbrains.kotlin.fir.resolve.inference.FirCallCompleter$LambdaAnalyzerImpl.analyzeAndGetLambdaReturnArguments$lambda$10$lambda$9(FirCallCompleter.kt:481)
	at org.jetbrains.kotlin.fir.resolve.inference.FirInferenceSession.runLambdaCompletion(FirInferenceSession.kt:34)
	at org.jetbrains.kotlin.fir.resolve.inference.FirCallCompleter$LambdaAnalyzerImpl.analyzeAndGetLambdaReturnArguments(FirCallCompleter.kt:480)
	at org.jetbrains.kotlin.fir.resolve.inference.PostponedArgumentsAnalyzer.analyzeLambda(PostponedArgumentsAnalyzer.kt:266)
	at org.jetbrains.kotlin.fir.resolve.inference.PostponedArgumentsAnalyzer.analyzeLambda$default(PostponedArgumentsAnalyzer.kt:201)
	at org.jetbrains.kotlin.fir.resolve.inference.PostponedArgumentsAnalyzer.analyze(PostponedArgumentsAnalyzer.kt:71)
	at org.jetbrains.kotlin.fir.resolve.inference.FirCallCompleter.runCompletionForCall$lambda$5(FirCallCompleter.kt:297)
	at org.jetbrains.kotlin.fir.resolve.inference.ConstraintSystemCompleter.runCompletion$lambda$0(ConstraintSystemCompleter.kt:80)
	at org.jetbrains.kotlin.resolve.calls.inference.components.ConstraintSystemCompletionContext.analyzeArgumentWithFixedParameterTypes(ConstraintSystemCompletionContext.kt:49)
	at org.jetbrains.kotlin.fir.resolve.inference.ConstraintSystemCompleter.runCompletion(ConstraintSystemCompleter.kt:79)
	at org.jetbrains.kotlin.fir.resolve.inference.ConstraintSystemCompleter.complete(ConstraintSystemCompleter.kt:53)
	at org.jetbrains.kotlin.fir.resolve.inference.FirCallCompleter.runCompletionForCall(FirCallCompleter.kt:290)
	at org.jetbrains.kotlin.fir.resolve.inference.FirCallCompleter.completeCall(FirCallCompleter.kt:114)
	at org.jetbrains.kotlin.fir.resolve.transformers.body.resolve.FirExpressionsResolveTransformer.transformFunctionCallInternal$resolve(FirExpressionsResolveTransformer.kt:579)
	at org.jetbrains.kotlin.fir.resolve.transformers.body.resolve.FirExpressionsResolveTransformer.transformFunctionCall(FirExpressionsResolveTransformer.kt:503)
	at org.jetbrains.kotlin.fir.resolve.transformers.body.resolve.FirAbstractBodyResolveTransformerDispatcher.transformFunctionCall(FirAbstractBodyResolveTransformerDispatcher.kt:195)
	at org.jetbrains.kotlin.fir.resolve.transformers.body.resolve.FirAbstractBodyResolveTransformerDispatcher.transformFunctionCall(FirAbstractBodyResolveTransformerDispatcher.kt:27)
	at org.jetbrains.kotlin.fir.expressions.FirFunctionCall.transform(FirFunctionCall.kt:45)
	at org.jetbrains.kotlin.fir.expressions.FirExpressionUtilKt.transformStatementsIndexed(FirExpressionUtil.kt:209)
	at org.jetbrains.kotlin.fir.resolve.transformers.body.resolve.FirExpressionsResolveTransformer.transformBlockInCurrentScope$resolve(FirExpressionsResolveTransformer.kt:735)
	at org.jetbrains.kotlin.fir.resolve.transformers.body.resolve.FirExpressionsResolveTransformer.transformBlock(FirExpressionsResolveTransformer.kt:726)
	at org.jetbrains.kotlin.fir.resolve.transformers.body.resolve.FirAbstractBodyResolveTransformerDispatcher.transformBlock(FirAbstractBodyResolveTransformerDispatcher.kt:222)
	at org.jetbrains.kotlin.fir.resolve.transformers.body.resolve.FirAbstractBodyResolveTransformerDispatcher.transformBlock(FirAbstractBodyResolveTransformerDispatcher.kt:27)
	at org.jetbrains.kotlin.fir.expressions.FirBlock.transform(FirBlock.kt:33)
	at org.jetbrains.kotlin.fir.resolve.transformers.body.resolve.FirPartialBodyResolveTransformer.transformElement(FirPartialBodyResolveTransformer.kt:36)
	at org.jetbrains.kotlin.fir.resolve.transformers.body.resolve.FirPartialBodyResolveTransformer.transformElement(FirPartialBodyResolveTransformer.kt:13)
	at org.jetbrains.kotlin.fir.visitors.FirTransformer.transformBlock(FirTransformer.kt:183)
	at org.jetbrains.kotlin.fir.expressions.FirBlock.transform(FirBlock.kt:33)
	at org.jetbrains.kotlin.fir.declarations.impl.FirAnonymousFunctionImpl.transformBody(FirAnonymousFunctionImpl.kt:130)
	at org.jetbrains.kotlin.fir.declarations.impl.FirAnonymousFunctionImpl.transformBody(FirAnonymousFunctionImpl.kt:33)
	at org.jetbrains.kotlin.fir.resolve.transformers.body.resolve.FirDeclarationsResolveTransformer.transformFunction(FirDeclarationsResolveTransformer.kt:1050)
	at org.jetbrains.kotlin.fir.resolve.transformers.body.resolve.FirDeclarationsResolveTransformer.access$transformFunction(FirDeclarationsResolveTransformer.kt:64)
	at org.jetbrains.kotlin.fir.resolve.transformers.body.resolve.FirDeclarationsResolveTransformer.transformAnonymousFunctionBody$lambda$104(FirDeclarationsResolveTransformer.kt:1466)
	at org.jetbrains.kotlin.fir.resolve.transformers.body.resolve.BodyResolveContext.withAnonymousFunction(BodyResolveContext.kt:829)
	at org.jetbrains.kotlin.fir.resolve.transformers.body.resolve.FirDeclarationsResolveTransformer.transformAnonymousFunctionBody(FirDeclarationsResolveTransformer.kt:1457)
	at org.jetbrains.kotlin.fir.resolve.transformers.body.resolve.FirDeclarationsResolveTransformer.doTransformAnonymousFunctionBodyFromCallCompletion$resolve(FirDeclarationsResolveTransformer.kt:1447)
	at org.jetbrains.kotlin.fir.resolve.inference.FirCallCompleter$LambdaAnalyzerImpl.analyzeAndGetLambdaReturnArguments$lambda$10$lambda$9(FirCallCompleter.kt:481)
	at org.jetbrains.kotlin.fir.resolve.inference.FirInferenceSession.runLambdaCompletion(FirInferenceSession.kt:34)
	at org.jetbrains.kotlin.fir.resolve.inference.FirCallCompleter$LambdaAnalyzerImpl.analyzeAndGetLambdaReturnArguments(FirCallCompleter.kt:480)
	at org.jetbrains.kotlin.fir.resolve.inference.PostponedArgumentsAnalyzer.analyzeLambda(PostponedArgumentsAnalyzer.kt:266)
	at org.jetbrains.kotlin.fir.resolve.inference.PostponedArgumentsAnalyzer.analyzeLambda$default(PostponedArgumentsAnalyzer.kt:201)
	at org.jetbrains.kotlin.fir.resolve.inference.PostponedArgumentsAnalyzer.analyze(PostponedArgumentsAnalyzer.kt:71)
	at org.jetbrains.kotlin.fir.resolve.inference.FirCallCompleter.runCompletionForCall$lambda$5(FirCallCompleter.kt:297)
	at org.jetbrains.kotlin.fir.resolve.inference.ConstraintSystemCompleter.runCompletion$lambda$0(ConstraintSystemCompleter.kt:80)
	at org.jetbrains.kotlin.resolve.calls.inference.components.ConstraintSystemCompletionContext.analyzeArgumentWithFixedParameterTypes(ConstraintSystemCompletionContext.kt:49)
	at org.jetbrains.kotlin.fir.resolve.inference.ConstraintSystemCompleter.runCompletion(ConstraintSystemCompleter.kt:79)
	at org.jetbrains.kotlin.fir.resolve.inference.ConstraintSystemCompleter.complete(ConstraintSystemCompleter.kt:53)
	at org.jetbrains.kotlin.fir.resolve.inference.FirCallCompleter.runCompletionForCall(FirCallCompleter.kt:290)
	at org.jetbrains.kotlin.fir.resolve.inference.FirCallCompleter.completeCall(FirCallCompleter.kt:114)
	at org.jetbrains.kotlin.fir.resolve.transformers.body.resolve.FirExpressionsResolveTransformer.transformFunctionCallInternal$resolve(FirExpressionsResolveTransformer.kt:579)
	at org.jetbrains.kotlin.fir.resolve.transformers.body.resolve.FirExpressionsResolveTransformer.transformFunctionCall(FirExpressionsResolveTransformer.kt:503)
	at org.jetbrains.kotlin.fir.resolve.transformers.body.resolve.FirAbstractBodyResolveTransformerDispatcher.transformFunctionCall(FirAbstractBodyResolveTransformerDispatcher.kt:195)
	at org.jetbrains.kotlin.fir.resolve.transformers.body.resolve.FirAbstractBodyResolveTransformerDispatcher.transformFunctionCall(FirAbstractBodyResolveTransformerDispatcher.kt:27)
	at org.jetbrains.kotlin.fir.expressions.FirFunctionCall.transform(FirFunctionCall.kt:45)
	at org.jetbrains.kotlin.fir.expressions.FirExpressionUtilKt.transformStatementsIndexed(FirExpressionUtil.kt:209)
	at org.jetbrains.kotlin.fir.resolve.transformers.body.resolve.FirExpressionsResolveTransformer.transformBlockInCurrentScope$resolve(FirExpressionsResolveTransformer.kt:735)
	at org.jetbrains.kotlin.fir.resolve.transformers.body.resolve.FirExpressionsResolveTransformer.transformBlock(FirExpressionsResolveTransformer.kt:726)
	at org.jetbrains.kotlin.fir.resolve.transformers.body.resolve.FirAbstractBodyResolveTransformerDispatcher.transformBlock(FirAbstractBodyResolveTransformerDispatcher.kt:222)
	at org.jetbrains.kotlin.fir.resolve.transformers.body.resolve.FirAbstractBodyResolveTransformerDispatcher.transformBlock(FirAbstractBodyResolveTransformerDispatcher.kt:27)
	at org.jetbrains.kotlin.fir.expressions.FirBlock.transform(FirBlock.kt:33)
	at org.jetbrains.kotlin.fir.resolve.transformers.body.resolve.FirPartialBodyResolveTransformer.transformElement(FirPartialBodyResolveTransformer.kt:36)
	at org.jetbrains.kotlin.fir.resolve.transformers.body.resolve.FirPartialBodyResolveTransformer.transformElement(FirPartialBodyResolveTransformer.kt:13)
	at org.jetbrains.kotlin.fir.visitors.FirTransformer.transformBlock(FirTransformer.kt:183)
	at org.jetbrains.kotlin.fir.expressions.FirBlock.transform(FirBlock.kt:33)
	at org.jetbrains.kotlin.fir.declarations.impl.FirSimpleFunctionImpl.transformBody(FirSimpleFunctionImpl.kt:114)
	at org.jetbrains.kotlin.fir.declarations.impl.FirSimpleFunctionImpl.transformBody(FirSimpleFunctionImpl.kt:32)
	at org.jetbrains.kotlin.fir.resolve.transformers.body.resolve.FirDeclarationsResolveTransformer.transformFunction(FirDeclarationsResolveTransformer.kt:1050)
	at org.jetbrains.kotlin.fir.resolve.transformers.body.resolve.FirDeclarationsResolveTransformer.transformFunctionWithGivenSignature(FirDeclarationsResolveTransformer.kt:987)
	at org.jetbrains.kotlin.fir.resolve.transformers.body.resolve.FirDeclarationsResolveTransformer.access$transformFunctionWithGivenSignature(FirDeclarationsResolveTransformer.kt:64)
	at org.jetbrains.kotlin.fir.resolve.transformers.body.resolve.FirDeclarationsResolveTransformer.transformSimpleFunction$lambda$67$lambda$66$lambda$65(FirDeclarationsResolveTransformer.kt:979)
	at org.jetbrains.kotlin.fir.resolve.transformers.body.resolve.BodyResolveContext.withParameters(BodyResolveContext.kt:1361)
	at org.jetbrains.kotlin.fir.resolve.transformers.body.resolve.BodyResolveContext.forFunctionBody(BodyResolveContext.kt:769)
	at org.jetbrains.kotlin.fir.resolve.transformers.body.resolve.FirDeclarationsResolveTransformer.transformSimpleFunction(FirDeclarationsResolveTransformer.kt:977)
	at org.jetbrains.kotlin.fir.resolve.transformers.body.resolve.FirAbstractBodyResolveTransformerDispatcher.transformSimpleFunction(FirAbstractBodyResolveTransformerDispatcher.kt:574)
	at org.jetbrains.kotlin.fir.resolve.transformers.body.resolve.FirAbstractBodyResolveTransformerDispatcher.transformSimpleFunction(FirAbstractBodyResolveTransformerDispatcher.kt:27)
	at org.jetbrains.kotlin.fir.declarations.FirSimpleFunction.transform(FirSimpleFunction.kt:55)
	at org.jetbrains.kotlin.fir.visitors.FirTransformerUtilKt.transformInplace(FirTransformerUtil.kt:20)
	at org.jetbrains.kotlin.fir.declarations.impl.FirFileImpl.transformDeclarations(FirFileImpl.kt:81)
	at org.jetbrains.kotlin.fir.declarations.impl.FirFileImpl.transformChildren(FirFileImpl.kt:66)
	at org.jetbrains.kotlin.fir.declarations.impl.FirFileImpl.transformChildren(FirFileImpl.kt:29)
	at org.jetbrains.kotlin.fir.resolve.transformers.body.resolve.FirAbstractBodyResolveTransformerDispatcher.transformElement(FirAbstractBodyResolveTransformerDispatcher.kt:92)
	at org.jetbrains.kotlin.fir.resolve.transformers.body.resolve.FirAbstractBodyResolveTransformerDispatcher.transformDeclarationContent(FirAbstractBodyResolveTransformerDispatcher.kt:462)
	at org.jetbrains.kotlin.fir.resolve.transformers.body.resolve.FirDeclarationsResolveTransformer.transformDeclarationContent(FirDeclarationsResolveTransformer.kt:84)
	at org.jetbrains.kotlin.fir.resolve.transformers.body.resolve.FirDeclarationsResolveTransformer.doTransformFile$lambda$57(FirDeclarationsResolveTransformer.kt:878)
	at org.jetbrains.kotlin.fir.resolve.transformers.body.resolve.FirDeclarationsResolveTransformer.withFile(FirDeclarationsResolveTransformer.kt:891)
	at org.jetbrains.kotlin.fir.resolve.transformers.body.resolve.FirDeclarationsResolveTransformer.doTransformFile(FirDeclarationsResolveTransformer.kt:877)
	at org.jetbrains.kotlin.fir.resolve.transformers.body.resolve.FirDeclarationsResolveTransformer.transformFile(FirDeclarationsResolveTransformer.kt:784)
	... 47 more


